<?xml version="1.0" encoding="UTF-8"?>
<!-- Generated by org.testng.reporters.JUnitXMLReporter -->
<testsuite hostname="eprescribe2s-MacBook-Pro.local" name="MultipleTestScenarios" tests="4" failures="0" timestamp="7 Jun 2016 17:58:49 GMT" time="58.761" errors="0">
  <testcase name="EditProfileNameAndSave" time="33.086" classname="com.grab.androidautomation.TestScenarios"/>
  <testcase name="VerifySideMenuOptions" time="2.141" classname="com.grab.androidautomation.TestScenarios"/>
  <testcase name="VerifyHistoryPage" time="7.425" classname="com.grab.androidautomation.TestScenarios"/>
  <testcase name="VerifyDriveWithGrabBrowser" time="4.578" classname="com.grab.androidautomation.TestScenarios"/>
</testsuite> <!-- MultipleTestScenarios -->
