<?xml version="1.0" encoding="UTF-8"?>
<testng-results skipped="0" failed="0" total="4" passed="4">
  <reporter-output>
  </reporter-output>
  <suite name="GrabTaxiSuite" duration-ms="58761" started-at="2016-06-07T17:57:51Z" finished-at="2016-06-07T17:58:49Z">
    <groups>
    </groups>
    <test name="MultipleTestScenarios" duration-ms="58761" started-at="2016-06-07T17:57:51Z" finished-at="2016-06-07T17:58:49Z">
      <class name="com.grab.androidautomation.TestScenarios">
        <test-method status="PASS" signature="Initialise()[pri:0, instance:com.grab.androidautomation.TestScenarios@5f375618]" name="Initialise" is-config="true" duration-ms="4560" started-at="2016-06-07T23:27:51Z" finished-at="2016-06-07T23:27:55Z">
          <reporter-output>
          </reporter-output>
        </test-method> <!-- Initialise -->
        <test-method status="PASS" signature="EditProfileNameAndSave()[pri:1, instance:com.grab.androidautomation.TestScenarios@5f375618]" name="EditProfileNameAndSave" duration-ms="33086" started-at="2016-06-07T23:27:55Z" finished-at="2016-06-07T23:28:28Z">
          <reporter-output>
          </reporter-output>
        </test-method> <!-- EditProfileNameAndSave -->
        <test-method status="PASS" signature="VerifySideMenuOptions()[pri:2, instance:com.grab.androidautomation.TestScenarios@5f375618]" name="VerifySideMenuOptions" duration-ms="2141" started-at="2016-06-07T23:28:28Z" finished-at="2016-06-07T23:28:30Z">
          <reporter-output>
          </reporter-output>
        </test-method> <!-- VerifySideMenuOptions -->
        <test-method status="PASS" signature="VerifyHistoryPage()[pri:3, instance:com.grab.androidautomation.TestScenarios@5f375618]" name="VerifyHistoryPage" duration-ms="7425" started-at="2016-06-07T23:28:30Z" finished-at="2016-06-07T23:28:38Z">
          <reporter-output>
          </reporter-output>
        </test-method> <!-- VerifyHistoryPage -->
        <test-method status="PASS" signature="VerifyDriveWithGrabBrowser()[pri:4, instance:com.grab.androidautomation.TestScenarios@5f375618]" name="VerifyDriveWithGrabBrowser" duration-ms="4578" started-at="2016-06-07T23:28:38Z" finished-at="2016-06-07T23:28:42Z">
          <reporter-output>
          </reporter-output>
        </test-method> <!-- VerifyDriveWithGrabBrowser -->
        <test-method status="PASS" signature="TearDown()[pri:0, instance:com.grab.androidautomation.TestScenarios@5f375618]" name="TearDown" is-config="true" duration-ms="6961" started-at="2016-06-07T23:28:42Z" finished-at="2016-06-07T23:28:49Z">
          <reporter-output>
          </reporter-output>
        </test-method> <!-- TearDown -->
      </class> <!-- com.grab.androidautomation.TestScenarios -->
    </test> <!-- MultipleTestScenarios -->
  </suite> <!-- GrabTaxiSuite -->
</testng-results>
