<?xml version="1.0" encoding="UTF-8"?>
<testng-results skipped="0" failed="2" total="2" passed="0">
  <reporter-output>
  </reporter-output>
  <suite name="Default suite" duration-ms="93836" started-at="2016-06-09T19:24:00Z" finished-at="2016-06-09T19:25:34Z">
    <groups>
    </groups>
    <test name="Default test" duration-ms="93836" started-at="2016-06-09T19:24:00Z" finished-at="2016-06-09T19:25:34Z">
      <class name="com.grab.androidautomation.VerifyAddingAndRemovingCreditCard">
        <test-method status="PASS" signature="Initialise()[pri:0, instance:com.grab.androidautomation.VerifyAddingAndRemovingCreditCard@4157f54e]" name="Initialise" is-config="true" duration-ms="5439" started-at="2016-06-10T00:54:00Z" finished-at="2016-06-10T00:54:05Z">
          <reporter-output>
          </reporter-output>
        </test-method> <!-- Initialise -->
        <test-method status="FAIL" signature="AddRemoveAndVerifyCredit(java.lang.String, java.lang.String, java.lang.String)[pri:0, instance:com.grab.androidautomation.VerifyAddingAndRemovingCreditCard@4157f54e]" name="AddRemoveAndVerifyCredit" duration-ms="80999" started-at="2016-06-10T00:54:05Z" data-provider="TestDataForTest" finished-at="2016-06-10T00:55:26Z">
          <params>
            <param index="0">
              <value>
                <![CDATA[4111111111112222]]>
              </value>
            </param>
            <param index="1">
              <value>
                <![CDATA[0132]]>
              </value>
            </param>
            <param index="2">
              <value>
                <![CDATA[082]]>
              </value>
            </param>
          </params>
          <exception class="org.openqa.selenium.NoSuchElementException">
            <message>
              <![CDATA[An element could not be located on the page using the given search parameters. (WARNING: The server did not provide any stacktrace information)
Command duration or timeout: 40.54 seconds
For documentation on this error, please visit: http://seleniumhq.org/exceptions/no_such_element.html
Build info: version: '2.42.1', revision: '68b415adb11acca4286be45124325cc36cfc4a51', time: '2014-05-29 09:21:55'
System info: host: 'eprescribe2s-MacBook-Pro.local', ip: '192.168.2.13', os.name: 'Mac OS X', os.arch: 'x86_64', os.version: '10.11.3', java.version: '1.8.0_72'
Driver info: org.openqa.selenium.remote.RemoteWebDriver
Capabilities [{app=/Applications/android-sdk-macosx/platform-tools/Grab_com.grabtaxi.passenger.apk, appPackage=com.grabtaxi.passenger, networkConnectionEnabled=true, noReset=true, dontStopAppOnReset=true, warnings={}, appWaitPackage=com.grabtaxi.passenger, databaseEnabled=false, deviceName=emulator-5554, fullReset=false, platform=LINUX, desired={app=/Applications/android-sdk-macosx/platform-tools/Grab_com.grabtaxi.passenger.apk, appPackage=com.grabtaxi.passenger, noReset=true, dontStopAppOnReset=true, appWaitPackage=com.grabtaxi.passenger, deviceName=Nexus 5 API 22, fullReset=false, nativeInstrumentsLib=true, platformVersion=4.4, automationName=Appium, browserName=, device ID=emulator-5554, platformName=android}, nativeInstrumentsLib=true, platformVersion=5.1.1, webStorageEnabled=false, locationContextEnabled=false, automationName=Appium, takesScreenshot=true, browserName=, javascriptEnabled=true, device ID=emulator-5554, platformName=android}]
Session ID: d426e8f6-95c1-4594-82f3-523470b64362]]>
            </message>
            <full-stacktrace>
              <![CDATA[org.openqa.selenium.NoSuchElementException: An element could not be located on the page using the given search parameters. (WARNING: The server did not provide any stacktrace information)
Command duration or timeout: 40.54 seconds
For documentation on this error, please visit: http://seleniumhq.org/exceptions/no_such_element.html
Build info: version: '2.42.1', revision: '68b415adb11acca4286be45124325cc36cfc4a51', time: '2014-05-29 09:21:55'
System info: host: 'eprescribe2s-MacBook-Pro.local', ip: '192.168.2.13', os.name: 'Mac OS X', os.arch: 'x86_64', os.version: '10.11.3', java.version: '1.8.0_72'
Driver info: org.openqa.selenium.remote.RemoteWebDriver
Capabilities [{app=/Applications/android-sdk-macosx/platform-tools/Grab_com.grabtaxi.passenger.apk, appPackage=com.grabtaxi.passenger, networkConnectionEnabled=true, noReset=true, dontStopAppOnReset=true, warnings={}, appWaitPackage=com.grabtaxi.passenger, databaseEnabled=false, deviceName=emulator-5554, fullReset=false, platform=LINUX, desired={app=/Applications/android-sdk-macosx/platform-tools/Grab_com.grabtaxi.passenger.apk, appPackage=com.grabtaxi.passenger, noReset=true, dontStopAppOnReset=true, appWaitPackage=com.grabtaxi.passenger, deviceName=Nexus 5 API 22, fullReset=false, nativeInstrumentsLib=true, platformVersion=4.4, automationName=Appium, browserName=, device ID=emulator-5554, platformName=android}, nativeInstrumentsLib=true, platformVersion=5.1.1, webStorageEnabled=false, locationContextEnabled=false, automationName=Appium, takesScreenshot=true, browserName=, javascriptEnabled=true, device ID=emulator-5554, platformName=android}]
Session ID: d426e8f6-95c1-4594-82f3-523470b64362
	at sun.reflect.NativeConstructorAccessorImpl.newInstance0(Native Method)
	at sun.reflect.NativeConstructorAccessorImpl.newInstance(NativeConstructorAccessorImpl.java:62)
	at sun.reflect.DelegatingConstructorAccessorImpl.newInstance(DelegatingConstructorAccessorImpl.java:45)
	at java.lang.reflect.Constructor.newInstance(Constructor.java:423)
	at org.openqa.selenium.remote.ErrorHandler.createThrowable(ErrorHandler.java:204)
	at org.openqa.selenium.remote.ErrorHandler.throwIfResponseFailed(ErrorHandler.java:156)
	at org.openqa.selenium.remote.RemoteWebDriver.execute(RemoteWebDriver.java:600)
	at org.openqa.selenium.remote.RemoteWebDriver.findElement(RemoteWebDriver.java:353)
	at org.openqa.selenium.remote.RemoteWebDriver.findElementByXPath(RemoteWebDriver.java:450)
	at org.openqa.selenium.By$ByXPath.findElement(By.java:357)
	at org.openqa.selenium.remote.RemoteWebDriver.findElement(RemoteWebDriver.java:345)
	at com.grab.utilities.AppiumDriverCommonUtilities.verifyElementExist(AppiumDriverCommonUtilities.java:111)
	at com.grab.androidautomation.VerifyAddingAndRemovingCreditCard.AddRemoveAndVerifyCredit(VerifyAddingAndRemovingCreditCard.java:80)
	at sun.reflect.NativeMethodAccessorImpl.invoke0(Native Method)
	at sun.reflect.NativeMethodAccessorImpl.invoke(NativeMethodAccessorImpl.java:62)
	at sun.reflect.DelegatingMethodAccessorImpl.invoke(DelegatingMethodAccessorImpl.java:43)
	at java.lang.reflect.Method.invoke(Method.java:498)
	at org.testng.internal.MethodInvocationHelper.invokeMethod(MethodInvocationHelper.java:85)
	at org.testng.internal.Invoker.invokeMethod(Invoker.java:639)
	at org.testng.internal.Invoker.invokeTestMethod(Invoker.java:816)
	at org.testng.internal.Invoker.invokeTestMethods(Invoker.java:1124)
	at org.testng.internal.TestMethodWorker.invokeTestMethods(TestMethodWorker.java:125)
	at org.testng.internal.TestMethodWorker.run(TestMethodWorker.java:108)
	at org.testng.TestRunner.privateRun(TestRunner.java:774)
	at org.testng.TestRunner.run(TestRunner.java:624)
	at org.testng.SuiteRunner.runTest(SuiteRunner.java:359)
	at org.testng.SuiteRunner.runSequentially(SuiteRunner.java:354)
	at org.testng.SuiteRunner.privateRun(SuiteRunner.java:312)
	at org.testng.SuiteRunner.run(SuiteRunner.java:261)
	at org.testng.SuiteRunnerWorker.runSuite(SuiteRunnerWorker.java:52)
	at org.testng.SuiteRunnerWorker.run(SuiteRunnerWorker.java:86)
	at org.testng.TestNG.runSuitesSequentially(TestNG.java:1191)
	at org.testng.TestNG.runSuitesLocally(TestNG.java:1116)
	at org.testng.TestNG.run(TestNG.java:1024)
	at org.testng.remote.RemoteTestNG.run(RemoteTestNG.java:112)
	at org.testng.remote.RemoteTestNG.initAndRun(RemoteTestNG.java:205)
	at org.testng.remote.RemoteTestNG.main(RemoteTestNG.java:176)
]]>
            </full-stacktrace>
          </exception> <!-- org.openqa.selenium.NoSuchElementException -->
          <reporter-output>
          </reporter-output>
        </test-method> <!-- AddRemoveAndVerifyCredit -->
        <test-method status="FAIL" signature="AddRemoveAndVerifyCredit(java.lang.String, java.lang.String, java.lang.String)[pri:0, instance:com.grab.androidautomation.VerifyAddingAndRemovingCreditCard@4157f54e]" name="AddRemoveAndVerifyCredit" duration-ms="1" started-at="2016-06-10T00:55:26Z" data-provider="TestDataForTest" finished-at="2016-06-10T00:55:26Z">
          <params>
            <param index="0">
              <value is-null="true"/>
            </param>
            <param index="1">
              <value is-null="true"/>
            </param>
            <param index="2">
              <value is-null="true"/>
            </param>
          </params>
          <exception class="java.lang.NullPointerException">
            <full-stacktrace>
              <![CDATA[java.lang.NullPointerException
	at com.grab.androidautomation.VerifyAddingAndRemovingCreditCard.AddRemoveAndVerifyCredit(VerifyAddingAndRemovingCreditCard.java:38)
	at sun.reflect.NativeMethodAccessorImpl.invoke0(Native Method)
	at sun.reflect.NativeMethodAccessorImpl.invoke(NativeMethodAccessorImpl.java:62)
	at sun.reflect.DelegatingMethodAccessorImpl.invoke(DelegatingMethodAccessorImpl.java:43)
	at java.lang.reflect.Method.invoke(Method.java:498)
	at org.testng.internal.MethodInvocationHelper.invokeMethod(MethodInvocationHelper.java:85)
	at org.testng.internal.Invoker.invokeMethod(Invoker.java:639)
	at org.testng.internal.Invoker.invokeTestMethod(Invoker.java:816)
	at org.testng.internal.Invoker.invokeTestMethods(Invoker.java:1124)
	at org.testng.internal.TestMethodWorker.invokeTestMethods(TestMethodWorker.java:125)
	at org.testng.internal.TestMethodWorker.run(TestMethodWorker.java:108)
	at org.testng.TestRunner.privateRun(TestRunner.java:774)
	at org.testng.TestRunner.run(TestRunner.java:624)
	at org.testng.SuiteRunner.runTest(SuiteRunner.java:359)
	at org.testng.SuiteRunner.runSequentially(SuiteRunner.java:354)
	at org.testng.SuiteRunner.privateRun(SuiteRunner.java:312)
	at org.testng.SuiteRunner.run(SuiteRunner.java:261)
	at org.testng.SuiteRunnerWorker.runSuite(SuiteRunnerWorker.java:52)
	at org.testng.SuiteRunnerWorker.run(SuiteRunnerWorker.java:86)
	at org.testng.TestNG.runSuitesSequentially(TestNG.java:1191)
	at org.testng.TestNG.runSuitesLocally(TestNG.java:1116)
	at org.testng.TestNG.run(TestNG.java:1024)
	at org.testng.remote.RemoteTestNG.run(RemoteTestNG.java:112)
	at org.testng.remote.RemoteTestNG.initAndRun(RemoteTestNG.java:205)
	at org.testng.remote.RemoteTestNG.main(RemoteTestNG.java:176)
]]>
            </full-stacktrace>
          </exception> <!-- java.lang.NullPointerException -->
          <reporter-output>
          </reporter-output>
        </test-method> <!-- AddRemoveAndVerifyCredit -->
        <test-method status="PASS" signature="TearDown()[pri:0, instance:com.grab.androidautomation.VerifyAddingAndRemovingCreditCard@4157f54e]" name="TearDown" is-config="true" duration-ms="7378" started-at="2016-06-10T00:55:26Z" finished-at="2016-06-10T00:55:34Z">
          <reporter-output>
          </reporter-output>
        </test-method> <!-- TearDown -->
      </class> <!-- com.grab.androidautomation.VerifyAddingAndRemovingCreditCard -->
    </test> <!-- Default test -->
  </suite> <!-- Default suite -->
</testng-results>
