<?xml version="1.0" encoding="UTF-8"?>
<!-- Generated by org.testng.reporters.JUnitXMLReporter -->
<testsuite hostname="eprescribe2s-MacBook-Pro.local" name="Default test" tests="4" failures="0" timestamp="7 Jun 2016 16:42:00 GMT" time="62.531" errors="0">
  <testcase name="EditProfileNameAndSave" time="34.624" classname="com.grab.androidautomation.TestScenarios"/>
  <testcase name="VerifySideMenuOptions" time="2.302" classname="com.grab.androidautomation.TestScenarios"/>
  <testcase name="VerifyHistoryPage" time="8.149" classname="com.grab.androidautomation.TestScenarios"/>
  <testcase name="VerifyDriveWithGrabBrowser" time="5.108" classname="com.grab.androidautomation.TestScenarios"/>
</testsuite> <!-- Default test -->
